\BOOKMARK [0][-]{chapter.1}{\376\377\000I\000n\000t\000r\000o\000d\000u\000c\000t\000i\000o\000n}{}% 1
\BOOKMARK [1][-]{section.1.1}{\376\377\000G\000e\000t\000t\000i\000n\000g\000\040\000s\000t\000a\000r\000t\000e\000d}{chapter.1}% 2
\BOOKMARK [2][-]{subsection.1.1.1}{\376\377\000M\000e\000t\000h\000o\000d}{section.1.1}% 3
\BOOKMARK [2][-]{subsection.1.1.2}{\376\377\000D\000a\000t\000a\000\040\000R\000e\000s\000o\000u\000r\000c\000e}{section.1.1}% 4
\BOOKMARK [0][-]{chapter.2}{\376\377\000D\000a\000t\000a\000\040\000a\000n\000d\000\040\000M\000e\000t\000h\000o\000d\000s}{}% 5
\BOOKMARK [1][-]{section.2.1}{\376\377\000D\000a\000t\000a}{chapter.2}% 6
\BOOKMARK [2][-]{subsection.2.1.1}{\376\377\000D\000a\000t\000a\000\040\000M\000i\000n\000i\000n\000g}{section.2.1}% 7
\BOOKMARK [2][-]{subsection.2.1.2}{\376\377\000D\000a\000t\000a\000\040\000s\000t\000o\000r\000a\000g\000e}{section.2.1}% 8
\BOOKMARK [2][-]{subsection.2.1.3}{\376\377\000D\000a\000t\000a\000\040\000f\000e\000t\000c\000h\000\040\000f\000r\000o\000m\000\040\000d\000a\000t\000a\000b\000a\000s\000e}{section.2.1}% 9
\BOOKMARK [2][-]{subsection.2.1.4}{\376\377\000D\000a\000t\000a\000\040\000c\000l\000e\000a\000n\000s\000i\000n\000g\000\040\000a\000n\000d\000\040\000t\000r\000a\000n\000s\000f\000o\000r\000m\000a\000t\000i\000o\000n}{section.2.1}% 10
\BOOKMARK [2][-]{subsection.2.1.5}{\376\377\000D\000a\000t\000a\000\040\000n\000o\000r\000m\000a\000l\000i\000z\000a\000t\000i\000o\000n}{section.2.1}% 11
\BOOKMARK [2][-]{subsection.2.1.6}{\376\377\000T\000e\000s\000t\000i\000n\000g\000\040\000d\000a\000t\000a}{section.2.1}% 12
\BOOKMARK [2][-]{subsection.2.1.7}{\376\377\000D\000a\000t\000a\000\040\000s\000p\000l\000i\000t}{section.2.1}% 13
\BOOKMARK [1][-]{section.2.2}{\376\377\000M\000e\000t\000h\000o\000d}{chapter.2}% 14
\BOOKMARK [0][-]{chapter.3}{\376\377\000R\000e\000s\000u\000l\000t\000s\000\040\000a\000n\000d\000\040\000D\000i\000s\000c\000u\000s\000s\000i\000o\000n}{}% 15
\BOOKMARK [1][-]{section.3.1}{\376\377\000R\000e\000s\000u\000l\000t\000s}{chapter.3}% 16
\BOOKMARK [1][-]{section.3.2}{\376\377\000D\000i\000s\000c\000u\000s\000s\000i\000o\000n}{chapter.3}% 17
\BOOKMARK [0][-]{chapter.4}{\376\377\000C\000o\000n\000c\000l\000u\000s\000i\000o\000n\000\040\000a\000n\000d\000\040\000R\000e\000f\000e\000r\000e\000n\000c\000e\000s}{}% 18
\BOOKMARK [1][-]{section.4.1}{\376\377\000C\000o\000n\000c\000l\000u\000s\000i\000o\000n}{chapter.4}% 19
\BOOKMARK [1][-]{section.4.2}{\376\377\000R\000e\000f\000e\000r\000e\000n\000c\000e\000s}{chapter.4}% 20
